生成启动时间为 2015/5/7 17:01:28。
     1>项目“E:\Project\magic\magic2d\Magic2D.vcxproj”在节点 2 上(Build 个目标)。
     1>ClCompile:
         D:\Program Files (x86)\Microsoft Visual Studio 12.0\VC\bin\CL.exe /c /ZI /nologo /W3 /WX- /Od /Oy- /D WIN32 /D _DEBUG /D _WINDOWS /D _VC80_UPGRADE=0x0600 /D _MBCS /Gm /EHsc /RTC1 /MTd /GS /Gy- /fp:precise /Zc:wchar_t /Zc:forScope /Fo".\Debug\\" /Fd".\Debug\vc120.pdb" /FR".\Debug\\" /Gd /TP /analyze- /errorReport:prompt Image.cpp Magic2D.cpp Sound.cpp Utils.cpp
         Utils.cpp
     1>e:\project\magic\magic2d\utils.cpp(32): warning C4305: “初始化”: 从“double”到“GLfloat”截断
     1>e:\project\magic\magic2d\utils.cpp(166): warning C4244: “参数”: 从“int”转换到“float”，可能丢失数据
     1>e:\project\magic\magic2d\utils.cpp(184): warning C4244: “参数”: 从“int”转换到“float”，可能丢失数据
     1>e:\project\magic\magic2d\utils.cpp(201): warning C4244: “参数”: 从“int”转换到“float”，可能丢失数据
     1>e:\project\magic\magic2d\utils.cpp(231): warning C4244: “=”: 从“double”转换到“GLfloat”，可能丢失数据
     1>e:\project\magic\magic2d\utils.cpp(232): warning C4244: “=”: 从“double”转换到“GLfloat”，可能丢失数据
     1>e:\project\magic\magic2d\utils.cpp(245): warning C4244: “=”: 从“double”转换到“GLfloat”，可能丢失数据
     1>e:\project\magic\magic2d\utils.cpp(246): warning C4244: “=”: 从“double”转换到“GLfloat”，可能丢失数据
     1>e:\project\magic\magic2d\utils.cpp(260): warning C4244: “=”: 从“double”转换到“GLfloat”，可能丢失数据
     1>e:\project\magic\magic2d\utils.cpp(261): warning C4244: “=”: 从“double”转换到“GLfloat”，可能丢失数据
         Sound.cpp
         Magic2D.cpp
         Image.cpp
     1>e:\project\magic\magic2d\image.cpp(12): warning C4996: 'fopen': This function or variable may be unsafe. Consider using fopen_s instead. To disable deprecation, use _CRT_SECURE_NO_WARNINGS. See online help for details.
                 d:\program files (x86)\microsoft visual studio 12.0\vc\include\stdio.h(211) : 参见“fopen”的声明
         正在生成代码...
     1>C:\Program Files (x86)\MSBuild\Microsoft.Cpp\v4.0\V120\Microsoft.CppBuild.targets(1193,5): warning MSB8012: TargetPath(E:\Project\magic\magic2d\.\Debug\Madic2D.exe) does not match the Linker's OutputFile property value (E:\Project\magic\magic2d\Debug\Magic2D.exe). This may cause your project to build incorrectly. To correct this, please make sure that $(OutDir), $(TargetName) and $(TargetExt) property values match the value specified in %(Link.OutputFile).
     1>C:\Program Files (x86)\MSBuild\Microsoft.Cpp\v4.0\V120\Microsoft.CppBuild.targets(1195,5): warning MSB8012: TargetName(Madic2D) does not match the Linker's OutputFile property value (Magic2D). This may cause your project to build incorrectly. To correct this, please make sure that $(OutDir), $(TargetName) and $(TargetExt) property values match the value specified in %(Link.OutputFile).
       Link:
         D:\Program Files (x86)\Microsoft Visual Studio 12.0\VC\bin\link.exe /ERRORREPORT:PROMPT /OUT:".\Debug\Magic2D.exe" /INCREMENTAL /NOLOGO opengl32.lib glu32.lib glaux.lib odbc32.lib odbccp32.lib kernel32.lib user32.lib gdi32.lib winspool.lib comdlg32.lib advapi32.lib shell32.lib ole32.lib oleaut32.lib uuid.lib odbc32.lib odbccp32.lib /MANIFEST /MANIFESTUAC:"level='asInvoker' uiAccess='false'" /manifest:embed /DEBUG /PDB:".\Debug\Madic2D.pdb" /SUBSYSTEM:WINDOWS /TLBID:1 /DYNAMICBASE /NXCOMPAT /IMPLIB:".\Debug\Madic2D.lib" /MACHINE:X86 /SAFESEH .\Debug\Image.obj
         .\Debug\Magic2D.obj
         .\Debug\Sound.obj
         .\Debug\Utils.obj
     1>LINK : warning LNK4076: 增量状态文件“.\Debug\Magic2D.ilk”无效(将删除)；正以非增量方式链接
     1>LINK : fatal error LNK1104: 无法打开文件“.\Debug\Magic2D.exe”
     1>已完成生成项目“E:\Project\magic\magic2d\Magic2D.vcxproj”(Build 个目标)的操作 - 失败。

生成失败。

已用时间 00:00:06.24
